<?xml version="1.0" encoding="UTF-8"?>
<!-- Generated by org.testng.reporters.JUnitReportReporter -->
<testsuite skipped="0" hostname="DESKTOP-B1HDJAB" name="sample.Test0" tests="1" failures="0" timestamp="2022-01-31T20:51:08 IST" time="0.003" errors="0">
  <testcase name="tc1" time="0.003" classname="sample.Test0"/>
  <system-out>
Hello java  </system-out>
</testsuite> <!-- sample.Test0 -->
