<?xml version="1.0" encoding="UTF-8"?>
<!-- Generated by org.testng.reporters.JUnitReportReporter -->
<testsuite skipped="0" hostname="DESKTOP-B1HDJAB" name="sample.Test3" tests="1" failures="0" timestamp="2022-01-31T20:51:08 IST" time="0.010" errors="0">
  <testcase name="tc4" time="0.010" classname="sample.Test3"/>
  <system-out>
hello pyhton selenium  </system-out>
</testsuite> <!-- sample.Test3 -->
