<?xml version="1.0" encoding="UTF-8"?>
<!-- Generated by org.testng.reporters.JUnitReportReporter -->
<testsuite skipped="0" hostname="DESKTOP-B1HDJAB" name="sample.Test1" tests="1" failures="0" timestamp="2022-01-31T20:51:08 IST" time="0.004" errors="0">
  <testcase name="tc2" time="0.004" classname="sample.Test1"/>
  <system-out>
hello selenium  </system-out>
</testsuite> <!-- sample.Test1 -->
